8086/87/88/186 MACRO ASSEMBLER    ANONYMOUS                                                23:02:50  10/21/92  PAGE    1


DOS 4.0 (038-N) 8086/87/88/186 MACRO ASSEMBLER V3.2 ASSEMBLY OF MODULE ANONYMOUS
OBJECT MODULE PLACED IN IPUERTOS.OBJ
ASSEMBLER INVOKED BY:  D:\INTEL\ASM86.EXE IPUERTOS.ASM


LOC  OBJ                  LINE     SOURCE

                             1     ;       Archivo Fuente          ipuertos.asm
                             2     ;
                             3     ;       Objetivo                Inicializa los perifericos de la CPU
                             4     ;                               8253, 8251,8259
                             5     ;
                             6     ;       Revision                2/Oct/1992
                             7     ;
                             8     ;       Elaboro                 Herrera Charles Roberto
                             9     
                            10     
                            11     
                            12             DOSSEG
*** ERROR #37 IN 12, UNDEFINED INSTRUCTION OR ILLEGAL VARIABLE DEFINITION
                            13             MODEL   tiny
*** _______________________________________________^
*** ERROR #1 IN 13, SYNTAX ERROR
                            14     
                            15             include  constant.asm
*** ________________________________________________^
*** ERROR #1 IN 15, SYNTAX ERROR
                            16     
                            17     
                            18     
                            19             DATASEG
*** ERROR #37 IN 19, UNDEFINED INSTRUCTION OR ILLEGAL VARIABLE DEFINITION
                            20     
                            21     
                            22             CODESEG
*** ERROR #37 IN 22, UNDEFINED INSTRUCTION OR ILLEGAL VARIABLE DEFINITION
                            23     
                            24     
  00C0                      25             PICR0   EQU     0C0H
  00C2                      26             PICR1   EQU     0C2H
                            27     
  0017                      28             ICW1    EQU     17H
  0020                      29             ICW2    EQU     20H
  0004                      30             ICW3    EQU     04H
  000D                      31             ICW4    EQU     0DH
  00EF                      32             OCW1    EQU     0EFH
                            33     
                            34     
                            35     ;       Funcion:        Rutina que inicializa el 8259
                            36     ;
                            37     ;       Paramentro:     de entrada DL contiene el caracter a transmitir
                            38     ;
                            39     ;       Regresa:        Ningun valor
                            40     ;
                            41     
                            42             PUBLIC  _I8259
*** _______________________________________________^
8086/87/88/186 MACRO ASSEMBLER    ANONYMOUS                                                23:02:50  10/21/92  PAGE    2


LOC  OBJ                  LINE     SOURCE

*** ERROR #113 IN 42, NO DEFINITION FOR PUBLIC SYMBOL
0000                        43             _I8259  PROC NEAR
*** ERROR #7 IN 43, NO CS-ASSUME IN EFFECT - NEAR LABEL CANNOT BE DEFINED
                            44     
0000 56                     45             PUSH    SI              ; Prologo
0001 57                     46             PUSH    DI
0002 55                     47             PUSH    BP
0003 8BEC                   48             MOV     BP,SP
                            49     
0005 52                     50             PUSH    DX
0006 50                     51             PUSH    AX
                            52     
0007 BAC000                 53             MOV     DX,PICR0        ; Programa palabra de control uno
000A B017                   54             MOV     AL,ICW1         ;
000C EE                     55             OUT     DX,AL           ;
000D 8AE0                   56             MOV     AH,AL
                            57     
000F BAC200                 58             MOV     DX,PICR1        ; Programa palabra de control dos
0012 B020                   59             MOV     AL,ICW2
0014 EE                     60             OUT     DX,AL
0015 F6C402                 61             TEST    AH,2            ; Prueba si se requiere palabra tres
0018 9090                   62             JNZ     CONT
*** ERROR #38 IN 62, (PASS 2) UNDEFINED SYMBOL, ZERO USED
*** ERROR #2 IN 62, (PASS 2) OPERANDS DO NOT MATCH THIS INSTRUCTION
001A B004                   63             MOV     AL,ICW3
001C EE                     64             OUT     DX,AL
                            65     
                            66     
001D B00D                   67     CONT:   MOV     AL,ICW4         ; Programa palabra de contro cuatro
*** ERROR #7 IN 67, NO CS-ASSUME IN EFFECT - NEAR LABEL CANNOT BE DEFINED
001F EE                     68             OUT     DX,AL
0020 B0EF                   69             MOV     AL,OCW1         ; Programa palabra de operacion
0022 EE                     70             OUT     DX,AL
                            71     
0023 58                     72             POP     AX              ; Epilogo
0024 5A                     73             POP     DX
                            74     
0025 5D                     75             POP     BP
0026 5F                     76             POP     DI
0027 5E                     77             POP     SI
0028 C3                     78             RET
                            79             _I8259 ENDP
                            80     
                            81     ; Rutina que inicializa el 8253
                            82     ;
  00D6                      83             TIMCTL  EQU     0D6H
  00D0                      84             TIMO    EQU     0D0H
  0034                      85             CONT1   EQU     34H
  000A                      86             TIEMPO  EQU     10      ; Tiempo de interrupcion de reloj tiempo real
                            87                                     ; en milisegundos
  04A8                      88             FACTOR  EQU     1192    ; Factor de multiplicacion f= 14.3 MHz
                            89     
                            90     
0029                        91             _I8253 PROC  NEAR
*** ERROR #7 IN 91, NO CS-ASSUME IN EFFECT - NEAR LABEL CANNOT BE DEFINED
8086/87/88/186 MACRO ASSEMBLER    ANONYMOUS                                                23:02:50  10/21/92  PAGE    3


LOC  OBJ                  LINE     SOURCE

                            92     
                            93             PUBLIC  _I8253
*** _______________________________________________^
*** ERROR #113 IN 93, NO DEFINITION FOR PUBLIC SYMBOL
                            94     
0029 56                     95             PUSH    SI
002A 57                     96             PUSH    DI
002B 55                     97             PUSH    BP
002C 8BEC                   98             MOV     BP,SP
                            99     
002E 52                    100             PUSH    DX
002F 50                    101             PUSH    AX
                           102     
0030 BAD600                103             MOV     DX,TIMCTL       ; Carga la direccion del puerto
0033 B034                  104             MOV     AL,CONT1        ; Carga el dato en AL
0035 EE                    105             OUT     DX,AL           ; Escribe el dato en el puerto
                           106     
0036 B80A00                107             MOV     AX,TIEMPO
0039 B9A804                108             MOV     CX,FACTOR
003C F7E1                  109             MUL     CX
003E BAD000                110             MOV     DX,TIMO
0041 EE                    111             OUT     DX,AL
                           112     
0042 8AC4                  113             MOV     AL,AH
0044 EE                    114             OUT     DX,AL
                           115     
0045 58                    116             POP     AX              ; Epilogo
0046 5A                    117             POP     DX
                           118     
0047 5D                    119             POP     BP
0048 5F                    120             POP     DI
0049 5E                    121             POP     SI
004A C3                    122             RET
                           123             _I8253 ENDP
*** ERROR #86 IN 123, MISMATCHED LABEL ON ENDS OR ENDP
                           124     
                           125             END
*** ERROR #151 IN 125, NO NAME DIRECTIVE ENCOUNTERED, DEFAULT MODULE NAME USED

ASSEMBLY COMPLETE, 14 ERRORS FOUND
